<?xml version="1.0" encoding="UTF-8"?>
<testsuite xmlns:xsi="http://www.w3.org/2001/XMLSchema-instance" xsi:noNamespaceSchemaLocation="https://maven.apache.org/surefire/maven-surefire-plugin/xsd/surefire-test-report.xsd" version="3.0.2" name="lipid.AdductDetectionTest" time="0.131" tests="3" errors="0" skipped="0" failures="0">
  <properties>
[...]
</properties>
  <testcase name="shouldDetectDoublyChargedAdduct" classname="lipid.AdductDetectionTest" time="0.035">
    <system-out><![CDATA[700.5
0.0
Peak1: Peak(mz=700,5000, intensity=100000,00)
Pico referencia: 699.492724 Aducto: [M+H]+ MZ: 700.5
Pico 2: 699.4934480000001 Aducto: [M+2H]2+ MZ: 350.754
PPINCREMENT: 1
]]></system-out>
  </testcase>
  <testcase name="shouldDetectAdductBasedOnMzDifference" classname="lipid.AdductDetectionTest" time="0.001">
    <system-out><![CDATA[722.482
21.982009999999946
700.5
9.999999974752427E-6
Peak1: Peak(mz=700,5000, intensity=100000,00)
Pico referencia: 699.492714 Aducto: [M+H]+ MZ: 700.49999
Pico 2: 1442.9494479999998 Aducto: [M+2H]2+ MZ: 722.482
PPINCREMENT: 515234
Pico referencia: 699.492714 Aducto: [M+H]+ MZ: 700.49999
Pico 2: 699.4927819999999 Aducto: [M+Na]+ MZ: 722.482
PPINCREMENT: 0
]]></system-out>
  </testcase>
  <testcase name="shouldDetectLossOfWaterAdduct" classname="lipid.AdductDetectionTest" time="0.002">
    <system-out><![CDATA[700.5
0.0
Peak1: Peak(mz=700,5000, intensity=90000,00)
Pico referencia: 699.492724 Aducto: [M+H]+ MZ: 700.5
Pico 2: 1362.964248 Aducto: [M+2H]2+ MZ: 682.4894
PPINCREMENT: 486786
Pico referencia: 699.492724 Aducto: [M+H]+ MZ: 700.5
Pico 2: 659.500182 Aducto: [M+Na]+ MZ: 682.4894
PPINCREMENT: 60641
Pico referencia: 699.492724 Aducto: [M+H]+ MZ: 700.5
Pico 2: 643.526242 Aducto: [M+K]+ MZ: 682.4894
PPINCREMENT: 86968
Pico referencia: 699.492724 Aducto: [M+H]+ MZ: 700.5
Pico 2: 664.4555770000001 Aducto: [M+NH4]+ MZ: 682.4894
PPINCREMENT: 52731
Pico referencia: 699.492724 Aducto: [M+H]+ MZ: 700.5
Pico 2: 699.4926 Aducto: [M+H-H2O]+ MZ: 682.4894
PPINCREMENT: 0
]]></system-out>
  </testcase>
</testsuite>